<?xml version="1.0" encoding="UTF-8"?>
<coverage generated="1682591780948" clover="3.2.0">
  <project timestamp="1682591780948" name="All files">
    <metrics statements="238" coveredstatements="213" conditionals="97" coveredconditionals="77" methods="70" coveredmethods="56" elements="405" coveredelements="346" complexity="0" loc="238" ncloc="238" packages="3" files="16" classes="16"/>
    <package name="constants">
      <metrics statements="8" coveredstatements="8" conditionals="5" coveredconditionals="5" methods="1" coveredmethods="1"/>
      <file name="routes.js" path="/Users/antoine/Dev/p9billed/front/src/constants/routes.js">
        <metrics statements="8" coveredstatements="8" conditionals="5" coveredconditionals="5" methods="1" coveredmethods="1"/>
        <line num="6" count="6" type="stmt"/>
        <line num="13" count="6" type="stmt"/>
        <line num="14" count="44" type="cond" truecount="5" falsecount="0"/>
        <line num="16" count="11" type="stmt"/>
        <line num="18" count="16" type="stmt"/>
        <line num="20" count="4" type="stmt"/>
        <line num="22" count="12" type="stmt"/>
        <line num="24" count="1" type="stmt"/>
      </file>
      <file name="usersTest.js" path="/Users/antoine/Dev/p9billed/front/src/constants/usersTest.js">
        <metrics statements="0" coveredstatements="0" conditionals="0" coveredconditionals="0" methods="0" coveredmethods="0"/>
      </file>
    </package>
    <package name="containers">
      <metrics statements="200" coveredstatements="175" conditionals="60" coveredconditionals="40" methods="54" coveredmethods="40"/>
      <file name="Bills.js" path="/Users/antoine/Dev/p9billed/front/src/containers/Bills.js">
        <metrics statements="27" coveredstatements="25" conditionals="6" coveredconditionals="4" methods="8" coveredmethods="8"/>
        <line num="7" count="14" type="stmt"/>
        <line num="8" count="14" type="stmt"/>
        <line num="9" count="14" type="stmt"/>
        <line num="10" count="14" type="stmt"/>
        <line num="11" count="14" type="cond" truecount="2" falsecount="0"/>
        <line num="12" count="14" type="stmt"/>
        <line num="13" count="14" type="cond" truecount="1" falsecount="1"/>
        <line num="14" count="28" type="stmt"/>
        <line num="16" count="14" type="stmt"/>
        <line num="19" count="14" type="stmt"/>
        <line num="20" count="2" type="stmt"/>
        <line num="23" count="14" type="stmt"/>
        <line num="24" count="2" type="stmt"/>
        <line num="25" count="2" type="stmt"/>
        <line num="26" count="2" type="stmt"/>
        <line num="27" count="2" type="stmt"/>
        <line num="30" count="14" type="stmt"/>
        <line num="31" count="7" type="cond" truecount="1" falsecount="1"/>
        <line num="32" count="7" type="stmt"/>
        <line num="36" count="5" type="stmt"/>
        <line num="37" count="5" type="stmt"/>
        <line num="39" count="20" type="stmt"/>
        <line num="40" count="20" type="stmt"/>
        <line num="48" count="0" type="stmt"/>
        <line num="49" count="0" type="stmt"/>
        <line num="56" count="5" type="stmt"/>
        <line num="57" count="5" type="stmt"/>
      </file>
      <file name="Dashboard.js" path="/Users/antoine/Dev/p9billed/front/src/containers/Dashboard.js">
        <metrics statements="80" coveredstatements="70" conditionals="44" coveredconditionals="32" methods="25" coveredmethods="19"/>
        <line num="8" count="6" type="stmt"/>
        <line num="9" count="44" type="cond" truecount="4" falsecount="0"/>
        <line num="14" count="104" type="cond" truecount="1" falsecount="1"/>
        <line num="15" count="104" type="stmt"/>
        <line num="20" count="0" type="stmt"/>
        <line num="21" count="0" type="stmt"/>
        <line num="26" count="104" type="stmt"/>
        <line num="30" count="6" type="stmt"/>
        <line num="31" count="6" type="stmt"/>
        <line num="32" count="6" type="cond" truecount="1" falsecount="1"/>
        <line num="34" count="6" type="cond" truecount="1" falsecount="1"/>
        <line num="37" count="6" type="stmt"/>
        <line num="55" count="6" type="stmt"/>
        <line num="56" count="6" type="cond" truecount="4" falsecount="0"/>
        <line num="59" count="6" type="stmt"/>
        <line num="60" count="5" type="cond" truecount="3" falsecount="0"/>
        <line num="62" count="3" type="stmt"/>
        <line num="64" count="1" type="stmt"/>
        <line num="66" count="1" type="stmt"/>
        <line num="72" count="14" type="stmt"/>
        <line num="73" count="14" type="stmt"/>
        <line num="74" count="14" type="stmt"/>
        <line num="79" count="14" type="stmt"/>
        <line num="80" count="14" type="stmt"/>
        <line num="81" count="14" type="stmt"/>
        <line num="82" count="14" type="stmt"/>
        <line num="83" count="14" type="stmt"/>
        <line num="86" count="14" type="stmt"/>
        <line num="87" count="1" type="stmt"/>
        <line num="88" count="1" type="stmt"/>
        <line num="89" count="1" type="stmt"/>
        <line num="90" count="1" type="cond" truecount="1" falsecount="1"/>
        <line num="94" count="3" type="cond" truecount="4" falsecount="0"/>
        <line num="95" count="3" type="cond" truecount="4" falsecount="0"/>
        <line num="96" count="3" type="cond" truecount="2" falsecount="0"/>
        <line num="97" count="2" type="stmt"/>
        <line num="98" count="8" type="stmt"/>
        <line num="100" count="2" type="stmt"/>
        <line num="101" count="2" type="stmt"/>
        <line num="102" count="2" type="stmt"/>
        <line num="103" count="2" type="stmt"/>
        <line num="105" count="1" type="stmt"/>
        <line num="107" count="1" type="stmt"/>
        <line num="110" count="1" type="stmt"/>
        <line num="111" count="1" type="stmt"/>
        <line num="113" count="3" type="stmt"/>
        <line num="114" count="3" type="stmt"/>
        <line num="115" count="3" type="stmt"/>
        <line num="118" count="14" type="stmt"/>
        <line num="119" count="1" type="stmt"/>
        <line num="124" count="1" type="stmt"/>
        <line num="125" count="1" type="stmt"/>
        <line num="128" count="14" type="stmt"/>
        <line num="129" count="1" type="stmt"/>
        <line num="134" count="1" type="stmt"/>
        <line num="135" count="1" type="stmt"/>
        <line num="140" count="5" type="cond" truecount="3" falsecount="1"/>
        <line num="143" count="5" type="cond" truecount="1" falsecount="1"/>
        <line num="144" count="5" type="stmt"/>
        <line num="145" count="5" type="stmt"/>
        <line num="147" count="5" type="stmt"/>
        <line num="149" count="0" type="stmt"/>
        <line num="150" count="0" type="stmt"/>
        <line num="152" count="0" type="stmt"/>
        <line num="155" count="5" type="stmt"/>
        <line num="158" count="20" type="stmt"/>
        <line num="163" count="5" type="cond" truecount="2" falsecount="3"/>
        <line num="164" count="0" type="stmt"/>
        <line num="165" count="0" type="stmt"/>
        <line num="167" count="0" type="stmt"/>
        <line num="170" count="0" type="stmt"/>
        <line num="171" count="0" type="stmt"/>
        <line num="176" count="5" type="stmt"/>
        <line num="180" count="14" type="stmt"/>
        <line num="181" count="5" type="cond" truecount="1" falsecount="1"/>
        <line num="182" count="5" type="stmt"/>
        <line num="186" count="3" type="stmt"/>
        <line num="187" count="12" type="stmt"/>
        <line num="193" count="3" type="stmt"/>
        <line num="196" count="2" type="stmt"/>
      </file>
      <file name="Login.js" path="/Users/antoine/Dev/p9billed/front/src/containers/Login.js">
        <metrics statements="41" coveredstatements="30" conditionals="4" coveredconditionals="0" methods="11" coveredmethods="5"/>
        <line num="3" count="4" type="stmt"/>
        <line num="8" count="5" type="stmt"/>
        <line num="9" count="5" type="stmt"/>
        <line num="10" count="5" type="stmt"/>
        <line num="11" count="5" type="stmt"/>
        <line num="12" count="5" type="stmt"/>
        <line num="13" count="5" type="stmt"/>
        <line num="14" count="5" type="stmt"/>
        <line num="15" count="5" type="stmt"/>
        <line num="16" count="5" type="stmt"/>
        <line num="18" count="5" type="stmt"/>
        <line num="19" count="2" type="stmt"/>
        <line num="20" count="2" type="stmt"/>
        <line num="26" count="2" type="stmt"/>
        <line num="27" count="2" type="stmt"/>
        <line num="29" count="0" type="stmt"/>
        <line num="32" count="2" type="stmt"/>
        <line num="33" count="2" type="stmt"/>
        <line num="34" count="2" type="stmt"/>
        <line num="35" count="2" type="stmt"/>
        <line num="40" count="5" type="stmt"/>
        <line num="41" count="2" type="stmt"/>
        <line num="44" count="2" type="stmt"/>
        <line num="53" count="2" type="stmt"/>
        <line num="54" count="2" type="stmt"/>
        <line num="55" count="0" type="stmt"/>
        <line num="57" count="2" type="stmt"/>
        <line num="58" count="2" type="stmt"/>
        <line num="59" count="2" type="stmt"/>
        <line num="60" count="2" type="stmt"/>
        <line num="65" count="5" type="stmt"/>
        <line num="66" count="0" type="cond" truecount="0" falsecount="2"/>
        <line num="67" count="0" type="stmt"/>
        <line num="72" count="0" type="stmt"/>
        <line num="75" count="0" type="stmt"/>
        <line num="80" count="5" type="stmt"/>
        <line num="81" count="0" type="cond" truecount="0" falsecount="2"/>
        <line num="82" count="0" type="stmt"/>
        <line num="91" count="0" type="stmt"/>
        <line num="92" count="0" type="stmt"/>
        <line num="95" count="0" type="stmt"/>
      </file>
      <file name="Logout.js" path="/Users/antoine/Dev/p9billed/front/src/containers/Logout.js">
        <metrics statements="7" coveredstatements="7" conditionals="0" coveredconditionals="0" methods="2" coveredmethods="2"/>
        <line num="5" count="33" type="stmt"/>
        <line num="6" count="33" type="stmt"/>
        <line num="7" count="33" type="stmt"/>
        <line num="8" count="33" type="stmt"/>
        <line num="11" count="33" type="stmt"/>
        <line num="12" count="2" type="stmt"/>
        <line num="13" count="2" type="stmt"/>
      </file>
      <file name="NewBill.js" path="/Users/antoine/Dev/p9billed/front/src/containers/NewBill.js">
        <metrics statements="45" coveredstatements="43" conditionals="6" coveredconditionals="4" methods="8" coveredmethods="6"/>
        <line num="6" count="4" type="stmt"/>
        <line num="7" count="4" type="stmt"/>
        <line num="8" count="4" type="stmt"/>
        <line num="9" count="4" type="stmt"/>
        <line num="10" count="4" type="stmt"/>
        <line num="11" count="4" type="stmt"/>
        <line num="12" count="4" type="stmt"/>
        <line num="13" count="4" type="stmt"/>
        <line num="14" count="4" type="stmt"/>
        <line num="15" count="4" type="stmt"/>
        <line num="16" count="4" type="stmt"/>
        <line num="19" count="4" type="stmt"/>
        <line num="20" count="5" type="stmt"/>
        <line num="21" count="5" type="stmt"/>
        <line num="22" count="5" type="stmt"/>
        <line num="23" count="5" type="stmt"/>
        <line num="24" count="5" type="stmt"/>
        <line num="25" count="5" type="stmt"/>
        <line num="26" count="5" type="stmt"/>
        <line num="27" count="5" type="stmt"/>
        <line num="29" count="5" type="cond" truecount="2" falsecount="0"/>
        <line num="30" count="1" type="stmt"/>
        <line num="31" count="1" type="stmt"/>
        <line num="32" count="1" type="stmt"/>
        <line num="34" count="1" type="stmt"/>
        <line num="43" count="1" type="stmt"/>
        <line num="44" count="1" type="stmt"/>
        <line num="45" count="1" type="stmt"/>
        <line num="46" count="1" type="stmt"/>
        <line num="47" count="0" type="stmt"/>
        <line num="50" count="4" type="stmt"/>
        <line num="51" count="4" type="stmt"/>
        <line num="52" count="4" type="stmt"/>
        <line num="58" count="4" type="stmt"/>
        <line num="59" count="2" type="stmt"/>
        <line num="60" count="2" type="stmt"/>
        <line num="61" count="2" type="stmt"/>
        <line num="62" count="2" type="stmt"/>
        <line num="75" count="2" type="stmt"/>
        <line num="76" count="2" type="stmt"/>
        <line num="80" count="4" type="stmt"/>
        <line num="81" count="2" type="cond" truecount="1" falsecount="1"/>
        <line num="82" count="2" type="stmt"/>
        <line num="86" count="2" type="stmt"/>
        <line num="88" count="0" type="stmt"/>
      </file>
    </package>
    <package name="views">
      <metrics statements="30" coveredstatements="30" conditionals="32" coveredconditionals="32" methods="15" coveredmethods="15"/>
      <file name="Actions.js" path="/Users/antoine/Dev/p9billed/front/src/views/Actions.js">
        <metrics statements="1" coveredstatements="1" conditionals="0" coveredconditionals="0" methods="1" coveredmethods="1"/>
        <line num="5" count="34" type="stmt"/>
      </file>
      <file name="BillsUI.js" path="/Users/antoine/Dev/p9billed/front/src/views/BillsUI.js">
        <metrics statements="12" coveredstatements="12" conditionals="10" coveredconditionals="10" methods="6" coveredmethods="6"/>
        <line num="7" count="6" type="stmt"/>
        <line num="8" count="32" type="stmt"/>
        <line num="22" count="6" type="stmt"/>
        <line num="23" count="15" type="cond" truecount="4" falsecount="0"/>
        <line num="25" count="27" type="cond" truecount="2" falsecount="0"/>
        <line num="26" count="32" type="stmt"/>
        <line num="33" count="28" type="stmt"/>
        <line num="50" count="28" type="cond" truecount="2" falsecount="0"/>
        <line num="51" count="8" type="stmt"/>
        <line num="52" count="20" type="cond" truecount="2" falsecount="0"/>
        <line num="53" count="5" type="stmt"/>
        <line num="56" count="15" type="stmt"/>
      </file>
      <file name="DashboardFormUI.js" path="/Users/antoine/Dev/p9billed/front/src/views/DashboardFormUI.js">
        <metrics statements="2" coveredstatements="2" conditionals="4" coveredconditionals="4" methods="2" coveredmethods="2"/>
        <line num="7" count="9" type="stmt"/>
        <line num="26" count="9" type="stmt"/>
      </file>
      <file name="DashboardUI.js" path="/Users/antoine/Dev/p9billed/front/src/views/DashboardUI.js">
        <metrics statements="5" coveredstatements="5" conditionals="10" coveredconditionals="10" methods="1" coveredmethods="1"/>
        <line num="10" count="21" type="cond" truecount="2" falsecount="0"/>
        <line num="11" count="6" type="stmt"/>
        <line num="12" count="15" type="cond" truecount="2" falsecount="0"/>
        <line num="13" count="3" type="stmt"/>
        <line num="16" count="12" type="stmt"/>
      </file>
      <file name="ErrorPage.js" path="/Users/antoine/Dev/p9billed/front/src/views/ErrorPage.js">
        <metrics statements="1" coveredstatements="1" conditionals="2" coveredconditionals="2" methods="1" coveredmethods="1"/>
        <line num="4" count="10" type="stmt"/>
      </file>
      <file name="LoadingPage.js" path="/Users/antoine/Dev/p9billed/front/src/views/LoadingPage.js">
        <metrics statements="1" coveredstatements="1" conditionals="0" coveredconditionals="0" methods="1" coveredmethods="1"/>
        <line num="5" count="15" type="stmt"/>
      </file>
      <file name="LoginUI.js" path="/Users/antoine/Dev/p9billed/front/src/views/LoginUI.js">
        <metrics statements="1" coveredstatements="1" conditionals="0" coveredconditionals="0" methods="1" coveredmethods="1"/>
        <line num="4" count="18" type="stmt"/>
      </file>
      <file name="NewBillUI.js" path="/Users/antoine/Dev/p9billed/front/src/views/NewBillUI.js">
        <metrics statements="1" coveredstatements="1" conditionals="0" coveredconditionals="0" methods="1" coveredmethods="1"/>
        <line num="5" count="11" type="stmt"/>
      </file>
      <file name="VerticalLayout.js" path="/Users/antoine/Dev/p9billed/front/src/views/VerticalLayout.js">
        <metrics statements="6" coveredstatements="6" conditionals="6" coveredconditionals="6" methods="1" coveredmethods="1"/>
        <line num="7" count="64" type="stmt"/>
        <line num="8" count="64" type="cond" truecount="2" falsecount="0"/>
        <line num="9" count="52" type="stmt"/>
        <line num="11" count="64" type="cond" truecount="4" falsecount="0"/>
        <line num="12" count="36" type="stmt"/>
        <line num="29" count="28" type="stmt"/>
      </file>
    </package>
  </project>
</coverage>
