{"/Users/antoine/Dev/p9billed/front/src/constants/routes.js": {"path":"/Users/antoine/Dev/p9billed/front/src/constants/routes.js","statementMap":{"0":{"start":{"line":6,"column":27},"end":{"line":11,"column":1}},"1":{"start":{"line":13,"column":22},"end":{"line":26,"column":1}},"2":{"start":{"line":14,"column":2},"end":{"line":25,"column":3}},"3":{"start":{"line":16,"column":6},"end":{"line":16,"column":46}},"4":{"start":{"line":18,"column":6},"end":{"line":18,"column":46}},"5":{"start":{"line":20,"column":6},"end":{"line":20,"column":24}},"6":{"start":{"line":22,"column":6},"end":{"line":22,"column":50}},"7":{"start":{"line":24,"column":6},"end":{"line":24,"column":46}}},"fnMap":{"0":{"name":"(anonymous_0)","decl":{"start":{"line":13,"column":22},"end":{"line":13,"column":23}},"loc":{"start":{"line":13,"column":62},"end":{"line":26,"column":1}},"line":13}},"branchMap":{"0":{"loc":{"start":{"line":14,"column":2},"end":{"line":25,"column":3}},"type":"switch","locations":[{"start":{"line":15,"column":4},"end":{"line":16,"column":46}},{"start":{"line":17,"column":4},"end":{"line":18,"column":46}},{"start":{"line":19,"column":4},"end":{"line":20,"column":24}},{"start":{"line":21,"column":4},"end":{"line":22,"column":50}},{"start":{"line":23,"column":4},"end":{"line":24,"column":46}}],"line":14}},"s":{"0":6,"1":6,"2":40,"3":11,"4":12,"5":4,"6":12,"7":1},"f":{"0":40},"b":{"0":[11,12,4,12,1]},"_coverageSchema":"1a1c01bbd47fc00a2c39e90264f33305004495a9","hash":"87bf6bed39ce9550337b3e5a645fb0cbeac2a48b"}
,"/Users/antoine/Dev/p9billed/front/src/constants/usersTest.js": {"path":"/Users/antoine/Dev/p9billed/front/src/constants/usersTest.js","statementMap":{},"fnMap":{},"branchMap":{},"s":{},"f":{},"b":{},"_coverageSchema":"1a1c01bbd47fc00a2c39e90264f33305004495a9","hash":"b0864486572d7f2298c5a0e7484c564999fa24cc"}
,"/Users/antoine/Dev/p9billed/front/src/containers/Bills.js": {"path":"/Users/antoine/Dev/p9billed/front/src/containers/Bills.js","statementMap":{"0":{"start":{"line":7,"column":4},"end":{"line":7,"column":28}},"1":{"start":{"line":8,"column":4},"end":{"line":8,"column":32}},"2":{"start":{"line":9,"column":4},"end":{"line":9,"column":22}},"3":{"start":{"line":10,"column":26},"end":{"line":10,"column":86}},"4":{"start":{"line":11,"column":4},"end":{"line":11,"column":87}},"5":{"start":{"line":11,"column":23},"end":{"line":11,"column":87}},"6":{"start":{"line":12,"column":20},"end":{"line":12,"column":76}},"7":{"start":{"line":13,"column":4},"end":{"line":15,"column":6}},"8":{"start":{"line":13,"column":17},"end":{"line":15,"column":6}},"9":{"start":{"line":14,"column":6},"end":{"line":14,"column":73}},"10":{"start":{"line":14,"column":43},"end":{"line":14,"column":72}},"11":{"start":{"line":16,"column":4},"end":{"line":16,"column":54}},"12":{"start":{"line":19,"column":23},"end":{"line":21,"column":3}},"13":{"start":{"line":20,"column":4},"end":{"line":20,"column":43}},"14":{"start":{"line":23,"column":23},"end":{"line":28,"column":3}},"15":{"start":{"line":24,"column":20},"end":{"line":24,"column":54}},"16":{"start":{"line":25,"column":21},"end":{"line":25,"column":63}},"17":{"start":{"line":26,"column":4},"end":{"line":26,"column":168}},"18":{"start":{"line":27,"column":4},"end":{"line":27,"column":34}},"19":{"start":{"line":30,"column":13},"end":{"line":60,"column":3}},"20":{"start":{"line":31,"column":4},"end":{"line":59,"column":5}},"21":{"start":{"line":32,"column":6},"end":{"line":58,"column":8}},"22":{"start":{"line":36,"column":8},"end":{"line":36,"column":30}},"23":{"start":{"line":37,"column":22},"end":{"line":55,"column":12}},"24":{"start":{"line":39,"column":12},"end":{"line":54,"column":13}},"25":{"start":{"line":40,"column":14},"end":{"line":44,"column":15}},"26":{"start":{"line":48,"column":14},"end":{"line":48,"column":38}},"27":{"start":{"line":49,"column":14},"end":{"line":53,"column":15}},"28":{"start":{"line":56,"column":10},"end":{"line":56,"column":45}},"29":{"start":{"line":57,"column":8},"end":{"line":57,"column":20}}},"fnMap":{"0":{"name":"(anonymous_0)","decl":{"start":{"line":6,"column":2},"end":{"line":6,"column":3}},"loc":{"start":{"line":6,"column":61},"end":{"line":17,"column":3}},"line":6},"1":{"name":"(anonymous_1)","decl":{"start":{"line":13,"column":33},"end":{"line":13,"column":34}},"loc":{"start":{"line":13,"column":41},"end":{"line":15,"column":5}},"line":13},"2":{"name":"(anonymous_2)","decl":{"start":{"line":14,"column":37},"end":{"line":14,"column":38}},"loc":{"start":{"line":14,"column":43},"end":{"line":14,"column":72}},"line":14},"3":{"name":"(anonymous_3)","decl":{"start":{"line":19,"column":23},"end":{"line":19,"column":24}},"loc":{"start":{"line":19,"column":29},"end":{"line":21,"column":3}},"line":19},"4":{"name":"(anonymous_4)","decl":{"start":{"line":23,"column":23},"end":{"line":23,"column":24}},"loc":{"start":{"line":23,"column":33},"end":{"line":28,"column":3}},"line":23},"5":{"name":"(anonymous_5)","decl":{"start":{"line":30,"column":13},"end":{"line":30,"column":14}},"loc":{"start":{"line":30,"column":19},"end":{"line":60,"column":3}},"line":30},"6":{"name":"(anonymous_6)","decl":{"start":{"line":35,"column":12},"end":{"line":35,"column":13}},"loc":{"start":{"line":35,"column":24},"end":{"line":58,"column":7}},"line":35},"7":{"name":"(anonymous_7)","decl":{"start":{"line":38,"column":15},"end":{"line":38,"column":16}},"loc":{"start":{"line":38,"column":22},"end":{"line":55,"column":11}},"line":38}},"branchMap":{"0":{"loc":{"start":{"line":11,"column":4},"end":{"line":11,"column":87}},"type":"if","locations":[{"start":{"line":11,"column":4},"end":{"line":11,"column":87}},{"start":{},"end":{}}],"line":11},"1":{"loc":{"start":{"line":13,"column":4},"end":{"line":15,"column":6}},"type":"if","locations":[{"start":{"line":13,"column":4},"end":{"line":15,"column":6}},{"start":{},"end":{}}],"line":13},"2":{"loc":{"start":{"line":31,"column":4},"end":{"line":59,"column":5}},"type":"if","locations":[{"start":{"line":31,"column":4},"end":{"line":59,"column":5}},{"start":{},"end":{}}],"line":31}},"s":{"0":14,"1":14,"2":14,"3":14,"4":14,"5":7,"6":14,"7":14,"8":14,"9":28,"10":1,"11":14,"12":14,"13":2,"14":14,"15":2,"16":2,"17":2,"18":2,"19":14,"20":7,"21":7,"22":5,"23":5,"24":20,"25":20,"26":0,"27":0,"28":5,"29":5},"f":{"0":14,"1":28,"2":1,"3":2,"4":2,"5":7,"6":5,"7":20},"b":{"0":[7,7],"1":[14,0],"2":[7,0]},"_coverageSchema":"1a1c01bbd47fc00a2c39e90264f33305004495a9","hash":"fdbdddc6240864634a81a326b328402ba2d7dae1"}
,"/Users/antoine/Dev/p9billed/front/src/containers/Dashboard.js": {"path":"/Users/antoine/Dev/p9billed/front/src/containers/Dashboard.js","statementMap":{"0":{"start":{"line":8,"column":29},"end":{"line":28,"column":1}},"1":{"start":{"line":9,"column":2},"end":{"line":27,"column":11}},"2":{"start":{"line":14,"column":6},"end":{"line":24,"column":7}},"3":{"start":{"line":15,"column":8},"end":{"line":15,"column":50}},"4":{"start":{"line":20,"column":26},"end":{"line":20,"column":72}},"5":{"start":{"line":21,"column":8},"end":{"line":23,"column":58}},"6":{"start":{"line":26,"column":6},"end":{"line":26,"column":28}},"7":{"start":{"line":30,"column":20},"end":{"line":53,"column":1}},"8":{"start":{"line":31,"column":28},"end":{"line":31,"column":52}},"9":{"start":{"line":32,"column":20},"end":{"line":33,"column":40}},"10":{"start":{"line":34,"column":19},"end":{"line":35,"column":53}},"11":{"start":{"line":37,"column":2},"end":{"line":52,"column":4}},"12":{"start":{"line":55,"column":21},"end":{"line":57,"column":1}},"13":{"start":{"line":56,"column":2},"end":{"line":56,"column":76}},"14":{"start":{"line":56,"column":51},"end":{"line":56,"column":61}},"15":{"start":{"line":59,"column":25},"end":{"line":68,"column":1}},"16":{"start":{"line":60,"column":2},"end":{"line":67,"column":3}},"17":{"start":{"line":62,"column":6},"end":{"line":62,"column":22}},"18":{"start":{"line":64,"column":6},"end":{"line":64,"column":23}},"19":{"start":{"line":66,"column":6},"end":{"line":66,"column":22}},"20":{"start":{"line":72,"column":4},"end":{"line":72,"column":28}},"21":{"start":{"line":73,"column":4},"end":{"line":73,"column":32}},"22":{"start":{"line":74,"column":4},"end":{"line":78,"column":5}},"23":{"start":{"line":79,"column":4},"end":{"line":79,"column":22}},"24":{"start":{"line":80,"column":4},"end":{"line":80,"column":71}},"25":{"start":{"line":80,"column":35},"end":{"line":80,"column":70}},"26":{"start":{"line":81,"column":4},"end":{"line":81,"column":71}},"27":{"start":{"line":81,"column":35},"end":{"line":81,"column":70}},"28":{"start":{"line":82,"column":4},"end":{"line":82,"column":71}},"29":{"start":{"line":82,"column":35},"end":{"line":82,"column":70}},"30":{"start":{"line":83,"column":4},"end":{"line":83,"column":44}},"31":{"start":{"line":86,"column":23},"end":{"line":91,"column":3}},"32":{"start":{"line":87,"column":20},"end":{"line":87,"column":58}},"33":{"start":{"line":88,"column":21},"end":{"line":88,"column":69}},"34":{"start":{"line":89,"column":4},"end":{"line":89,"column":144}},"35":{"start":{"line":90,"column":4},"end":{"line":90,"column":96}},"36":{"start":{"line":90,"column":60},"end":{"line":90,"column":96}},"37":{"start":{"line":94,"column":4},"end":{"line":94,"column":75}},"38":{"start":{"line":94,"column":59},"end":{"line":94,"column":75}},"39":{"start":{"line":95,"column":4},"end":{"line":95,"column":71}},"40":{"start":{"line":95,"column":54},"end":{"line":95,"column":71}},"41":{"start":{"line":96,"column":4},"end":{"line":112,"column":5}},"42":{"start":{"line":97,"column":6},"end":{"line":99,"column":8}},"43":{"start":{"line":98,"column":8},"end":{"line":98,"column":61}},"44":{"start":{"line":100,"column":6},"end":{"line":100,"column":62}},"45":{"start":{"line":101,"column":6},"end":{"line":101,"column":69}},"46":{"start":{"line":102,"column":6},"end":{"line":102,"column":52}},"47":{"start":{"line":103,"column":6},"end":{"line":103,"column":21}},"48":{"start":{"line":105,"column":6},"end":{"line":105,"column":62}},"49":{"start":{"line":107,"column":6},"end":{"line":109,"column":8}},"50":{"start":{"line":110,"column":6},"end":{"line":110,"column":52}},"51":{"start":{"line":111,"column":6},"end":{"line":111,"column":21}},"52":{"start":{"line":113,"column":4},"end":{"line":113,"column":51}},"53":{"start":{"line":114,"column":4},"end":{"line":114,"column":72}},"54":{"start":{"line":114,"column":39},"end":{"line":114,"column":71}},"55":{"start":{"line":115,"column":4},"end":{"line":115,"column":72}},"56":{"start":{"line":115,"column":39},"end":{"line":115,"column":71}},"57":{"start":{"line":118,"column":23},"end":{"line":126,"column":3}},"58":{"start":{"line":119,"column":20},"end":{"line":123,"column":5}},"59":{"start":{"line":124,"column":4},"end":{"line":124,"column":28}},"60":{"start":{"line":125,"column":4},"end":{"line":125,"column":45}},"61":{"start":{"line":128,"column":23},"end":{"line":136,"column":3}},"62":{"start":{"line":129,"column":20},"end":{"line":133,"column":5}},"63":{"start":{"line":134,"column":4},"end":{"line":134,"column":28}},"64":{"start":{"line":135,"column":4},"end":{"line":135,"column":45}},"65":{"start":{"line":140,"column":4},"end":{"line":140,"column":76}},"66":{"start":{"line":140,"column":58},"end":{"line":140,"column":76}},"67":{"start":{"line":143,"column":4},"end":{"line":153,"column":5}},"68":{"start":{"line":144,"column":6},"end":{"line":144,"column":69}},"69":{"start":{"line":145,"column":6},"end":{"line":146,"column":65}},"70":{"start":{"line":147,"column":8},"end":{"line":147,"column":56}},"71":{"start":{"line":149,"column":6},"end":{"line":149,"column":70}},"72":{"start":{"line":150,"column":6},"end":{"line":151,"column":17}},"73":{"start":{"line":152,"column":8},"end":{"line":152,"column":57}},"74":{"start":{"line":155,"column":4},"end":{"line":159,"column":6}},"75":{"start":{"line":158,"column":6},"end":{"line":158,"column":89}},"76":{"start":{"line":158,"column":51},"end":{"line":158,"column":88}},"77":{"start":{"line":163,"column":4},"end":{"line":174,"column":5}},"78":{"start":{"line":164,"column":6},"end":{"line":172,"column":8}},"79":{"start":{"line":165,"column":8},"end":{"line":165,"column":64}},"80":{"start":{"line":167,"column":8},"end":{"line":169,"column":10}},"81":{"start":{"line":170,"column":8},"end":{"line":170,"column":54}},"82":{"start":{"line":171,"column":8},"end":{"line":171,"column":24}},"83":{"start":{"line":176,"column":4},"end":{"line":176,"column":16}},"84":{"start":{"line":180,"column":21},"end":{"line":199,"column":3}},"85":{"start":{"line":181,"column":4},"end":{"line":198,"column":5}},"86":{"start":{"line":182,"column":6},"end":{"line":197,"column":8}},"87":{"start":{"line":186,"column":22},"end":{"line":192,"column":11}},"88":{"start":{"line":187,"column":21},"end":{"line":192,"column":9}},"89":{"start":{"line":193,"column":8},"end":{"line":193,"column":20}},"90":{"start":{"line":196,"column":8},"end":{"line":196,"column":20}}},"fnMap":{"0":{"name":"(anonymous_0)","decl":{"start":{"line":8,"column":29},"end":{"line":8,"column":30}},"loc":{"start":{"line":8,"column":47},"end":{"line":28,"column":1}},"line":8},"1":{"name":"(anonymous_1)","decl":{"start":{"line":10,"column":16},"end":{"line":10,"column":17}},"loc":{"start":{"line":10,"column":24},"end":{"line":27,"column":5}},"line":10},"2":{"name":"(anonymous_2)","decl":{"start":{"line":30,"column":20},"end":{"line":30,"column":21}},"loc":{"start":{"line":30,"column":30},"end":{"line":53,"column":1}},"line":30},"3":{"name":"(anonymous_3)","decl":{"start":{"line":55,"column":21},"end":{"line":55,"column":22}},"loc":{"start":{"line":55,"column":32},"end":{"line":57,"column":1}},"line":55},"4":{"name":"(anonymous_4)","decl":{"start":{"line":56,"column":43},"end":{"line":56,"column":44}},"loc":{"start":{"line":56,"column":51},"end":{"line":56,"column":61}},"line":56},"5":{"name":"(anonymous_5)","decl":{"start":{"line":59,"column":25},"end":{"line":59,"column":26}},"loc":{"start":{"line":59,"column":36},"end":{"line":68,"column":1}},"line":59},"6":{"name":"(anonymous_6)","decl":{"start":{"line":71,"column":2},"end":{"line":71,"column":3}},"loc":{"start":{"line":71,"column":68},"end":{"line":84,"column":3}},"line":71},"7":{"name":"(anonymous_7)","decl":{"start":{"line":80,"column":28},"end":{"line":80,"column":29}},"loc":{"start":{"line":80,"column":35},"end":{"line":80,"column":70}},"line":80},"8":{"name":"(anonymous_8)","decl":{"start":{"line":81,"column":28},"end":{"line":81,"column":29}},"loc":{"start":{"line":81,"column":35},"end":{"line":81,"column":70}},"line":81},"9":{"name":"(anonymous_9)","decl":{"start":{"line":82,"column":28},"end":{"line":82,"column":29}},"loc":{"start":{"line":82,"column":35},"end":{"line":82,"column":70}},"line":82},"10":{"name":"(anonymous_10)","decl":{"start":{"line":86,"column":23},"end":{"line":86,"column":24}},"loc":{"start":{"line":86,"column":29},"end":{"line":91,"column":3}},"line":86},"11":{"name":"(anonymous_11)","decl":{"start":{"line":93,"column":2},"end":{"line":93,"column":3}},"loc":{"start":{"line":93,"column":35},"end":{"line":116,"column":3}},"line":93},"12":{"name":"(anonymous_12)","decl":{"start":{"line":97,"column":20},"end":{"line":97,"column":21}},"loc":{"start":{"line":97,"column":25},"end":{"line":99,"column":7}},"line":97},"13":{"name":"(anonymous_13)","decl":{"start":{"line":114,"column":32},"end":{"line":114,"column":33}},"loc":{"start":{"line":114,"column":39},"end":{"line":114,"column":71}},"line":114},"14":{"name":"(anonymous_14)","decl":{"start":{"line":115,"column":32},"end":{"line":115,"column":33}},"loc":{"start":{"line":115,"column":39},"end":{"line":115,"column":71}},"line":115},"15":{"name":"(anonymous_15)","decl":{"start":{"line":118,"column":23},"end":{"line":118,"column":24}},"loc":{"start":{"line":118,"column":36},"end":{"line":126,"column":3}},"line":118},"16":{"name":"(anonymous_16)","decl":{"start":{"line":128,"column":23},"end":{"line":128,"column":24}},"loc":{"start":{"line":128,"column":36},"end":{"line":136,"column":3}},"line":128},"17":{"name":"(anonymous_17)","decl":{"start":{"line":138,"column":2},"end":{"line":138,"column":3}},"loc":{"start":{"line":138,"column":37},"end":{"line":178,"column":3}},"line":138},"18":{"name":"(anonymous_18)","decl":{"start":{"line":155,"column":18},"end":{"line":155,"column":19}},"loc":{"start":{"line":155,"column":26},"end":{"line":159,"column":5}},"line":155},"19":{"name":"(anonymous_19)","decl":{"start":{"line":158,"column":44},"end":{"line":158,"column":45}},"loc":{"start":{"line":158,"column":51},"end":{"line":158,"column":88}},"line":158},"20":{"name":"(anonymous_20)","decl":{"start":{"line":164,"column":20},"end":{"line":164,"column":21}},"loc":{"start":{"line":164,"column":28},"end":{"line":172,"column":7}},"line":164},"21":{"name":"(anonymous_21)","decl":{"start":{"line":180,"column":21},"end":{"line":180,"column":22}},"loc":{"start":{"line":180,"column":27},"end":{"line":199,"column":3}},"line":180},"22":{"name":"(anonymous_22)","decl":{"start":{"line":185,"column":12},"end":{"line":185,"column":13}},"loc":{"start":{"line":185,"column":24},"end":{"line":194,"column":7}},"line":185},"23":{"name":"(anonymous_23)","decl":{"start":{"line":187,"column":13},"end":{"line":187,"column":14}},"loc":{"start":{"line":187,"column":21},"end":{"line":192,"column":9}},"line":187},"24":{"name":"(anonymous_24)","decl":{"start":{"line":195,"column":13},"end":{"line":195,"column":14}},"loc":{"start":{"line":195,"column":22},"end":{"line":197,"column":7}},"line":195}},"branchMap":{"0":{"loc":{"start":{"line":9,"column":9},"end":{"line":27,"column":11}},"type":"cond-expr","locations":[{"start":{"line":10,"column":4},"end":{"line":27,"column":6}},{"start":{"line":27,"column":9},"end":{"line":27,"column":11}}],"line":9},"1":{"loc":{"start":{"line":9,"column":10},"end":{"line":9,"column":29}},"type":"binary-expr","locations":[{"start":{"line":9,"column":10},"end":{"line":9,"column":14}},{"start":{"line":9,"column":18},"end":{"line":9,"column":29}}],"line":9},"2":{"loc":{"start":{"line":14,"column":6},"end":{"line":24,"column":7}},"type":"if","locations":[{"start":{"line":14,"column":6},"end":{"line":24,"column":7}},{"start":{"line":18,"column":11},"end":{"line":24,"column":7}}],"line":14},"3":{"loc":{"start":{"line":22,"column":10},"end":{"line":23,"column":58}},"type":"binary-expr","locations":[{"start":{"line":22,"column":11},"end":{"line":22,"column":33}},{"start":{"line":23,"column":10},"end":{"line":23,"column":58}}],"line":22},"4":{"loc":{"start":{"line":32,"column":20},"end":{"line":33,"column":40}},"type":"cond-expr","locations":[{"start":{"line":33,"column":4},"end":{"line":33,"column":35}},{"start":{"line":33,"column":38},"end":{"line":33,"column":40}}],"line":32},"5":{"loc":{"start":{"line":34,"column":19},"end":{"line":35,"column":53}},"type":"cond-expr","locations":[{"start":{"line":35,"column":2},"end":{"line":35,"column":33}},{"start":{"line":35,"column":36},"end":{"line":35,"column":53}}],"line":34},"6":{"loc":{"start":{"line":56,"column":9},"end":{"line":56,"column":76}},"type":"cond-expr","locations":[{"start":{"line":56,"column":33},"end":{"line":56,"column":71}},{"start":{"line":56,"column":74},"end":{"line":56,"column":76}}],"line":56},"7":{"loc":{"start":{"line":56,"column":9},"end":{"line":56,"column":30}},"type":"binary-expr","locations":[{"start":{"line":56,"column":9},"end":{"line":56,"column":14}},{"start":{"line":56,"column":18},"end":{"line":56,"column":30}}],"line":56},"8":{"loc":{"start":{"line":60,"column":2},"end":{"line":67,"column":3}},"type":"switch","locations":[{"start":{"line":61,"column":4},"end":{"line":62,"column":22}},{"start":{"line":63,"column":4},"end":{"line":64,"column":23}},{"start":{"line":65,"column":4},"end":{"line":66,"column":22}}],"line":60},"9":{"loc":{"start":{"line":90,"column":4},"end":{"line":90,"column":96}},"type":"if","locations":[{"start":{"line":90,"column":4},"end":{"line":90,"column":96}},{"start":{},"end":{}}],"line":90},"10":{"loc":{"start":{"line":94,"column":4},"end":{"line":94,"column":75}},"type":"if","locations":[{"start":{"line":94,"column":4},"end":{"line":94,"column":75}},{"start":{},"end":{}}],"line":94},"11":{"loc":{"start":{"line":94,"column":8},"end":{"line":94,"column":57}},"type":"binary-expr","locations":[{"start":{"line":94,"column":8},"end":{"line":94,"column":34}},{"start":{"line":94,"column":38},"end":{"line":94,"column":57}}],"line":94},"12":{"loc":{"start":{"line":95,"column":4},"end":{"line":95,"column":71}},"type":"if","locations":[{"start":{"line":95,"column":4},"end":{"line":95,"column":71}},{"start":{},"end":{}}],"line":95},"13":{"loc":{"start":{"line":95,"column":8},"end":{"line":95,"column":52}},"type":"binary-expr","locations":[{"start":{"line":95,"column":8},"end":{"line":95,"column":29}},{"start":{"line":95,"column":33},"end":{"line":95,"column":52}}],"line":95},"14":{"loc":{"start":{"line":96,"column":4},"end":{"line":112,"column":5}},"type":"if","locations":[{"start":{"line":96,"column":4},"end":{"line":112,"column":5}},{"start":{"line":104,"column":11},"end":{"line":112,"column":5}}],"line":96},"15":{"loc":{"start":{"line":140,"column":4},"end":{"line":140,"column":76}},"type":"if","locations":[{"start":{"line":140,"column":4},"end":{"line":140,"column":76}},{"start":{},"end":{}}],"line":140},"16":{"loc":{"start":{"line":140,"column":8},"end":{"line":140,"column":56}},"type":"binary-expr","locations":[{"start":{"line":140,"column":8},"end":{"line":140,"column":32}},{"start":{"line":140,"column":36},"end":{"line":140,"column":56}}],"line":140},"17":{"loc":{"start":{"line":143,"column":4},"end":{"line":153,"column":5}},"type":"if","locations":[{"start":{"line":143,"column":4},"end":{"line":153,"column":5}},{"start":{"line":148,"column":11},"end":{"line":153,"column":5}}],"line":143},"18":{"loc":{"start":{"line":163,"column":4},"end":{"line":174,"column":5}},"type":"if","locations":[{"start":{"line":163,"column":4},"end":{"line":174,"column":5}},{"start":{},"end":{}}],"line":163},"19":{"loc":{"start":{"line":163,"column":7},"end":{"line":163,"column":111}},"type":"binary-expr","locations":[{"start":{"line":163,"column":7},"end":{"line":163,"column":39}},{"start":{"line":163,"column":43},"end":{"line":163,"column":75}},{"start":{"line":163,"column":79},"end":{"line":163,"column":111}}],"line":163},"20":{"loc":{"start":{"line":181,"column":4},"end":{"line":198,"column":5}},"type":"if","locations":[{"start":{"line":181,"column":4},"end":{"line":198,"column":5}},{"start":{},"end":{}}],"line":181}},"s":{"0":6,"1":44,"2":104,"3":104,"4":0,"5":0,"6":104,"7":6,"8":6,"9":6,"10":6,"11":6,"12":6,"13":6,"14":6,"15":6,"16":5,"17":3,"18":1,"19":1,"20":14,"21":14,"22":14,"23":14,"24":14,"25":0,"26":14,"27":0,"28":14,"29":0,"30":14,"31":14,"32":1,"33":1,"34":1,"35":1,"36":0,"37":3,"38":2,"39":3,"40":2,"41":3,"42":2,"43":8,"44":2,"45":2,"46":2,"47":2,"48":1,"49":1,"50":1,"51":1,"52":3,"53":3,"54":0,"55":3,"56":0,"57":14,"58":1,"59":1,"60":1,"61":14,"62":1,"63":1,"64":1,"65":5,"66":5,"67":5,"68":5,"69":5,"70":5,"71":0,"72":0,"73":0,"74":5,"75":20,"76":3,"77":5,"78":0,"79":0,"80":0,"81":0,"82":0,"83":5,"84":14,"85":5,"86":5,"87":3,"88":12,"89":3,"90":2},"f":{"0":44,"1":104,"2":6,"3":6,"4":6,"5":5,"6":14,"7":0,"8":0,"9":0,"10":1,"11":3,"12":8,"13":0,"14":0,"15":1,"16":1,"17":5,"18":20,"19":3,"20":0,"21":5,"22":3,"23":12,"24":2},"b":{"0":[26,18],"1":[44,26],"2":[104,0],"3":[0,0],"4":[0,6],"5":[0,6],"6":[5,1],"7":[6,6],"8":[3,1,1],"9":[0,1],"10":[2,1],"11":[3,1],"12":[2,1],"13":[3,1],"14":[2,1],"15":[5,0],"16":[5,2],"17":[5,0],"18":[0,5],"19":[5,0,0],"20":[5,0]},"_coverageSchema":"1a1c01bbd47fc00a2c39e90264f33305004495a9","hash":"7c589b2ee1eb160a26636807fc3f06ae9934728e"}
,"/Users/antoine/Dev/p9billed/front/src/containers/Login.js": {"path":"/Users/antoine/Dev/p9billed/front/src/containers/Login.js","statementMap":{"0":{"start":{"line":3,"column":31},"end":{"line":3,"column":33}},"1":{"start":{"line":8,"column":4},"end":{"line":8,"column":28}},"2":{"start":{"line":9,"column":4},"end":{"line":9,"column":36}},"3":{"start":{"line":10,"column":4},"end":{"line":10,"column":32}},"4":{"start":{"line":11,"column":4},"end":{"line":11,"column":46}},"5":{"start":{"line":12,"column":4},"end":{"line":12,"column":22}},"6":{"start":{"line":13,"column":25},"end":{"line":13,"column":89}},"7":{"start":{"line":14,"column":4},"end":{"line":14,"column":70}},"8":{"start":{"line":15,"column":22},"end":{"line":15,"column":83}},"9":{"start":{"line":16,"column":4},"end":{"line":16,"column":64}},"10":{"start":{"line":18,"column":25},"end":{"line":38,"column":3}},"11":{"start":{"line":19,"column":4},"end":{"line":19,"column":22}},"12":{"start":{"line":20,"column":17},"end":{"line":25,"column":5}},"13":{"start":{"line":26,"column":4},"end":{"line":26,"column":59}},"14":{"start":{"line":27,"column":4},"end":{"line":36,"column":8}},"15":{"start":{"line":29,"column":17},"end":{"line":29,"column":38}},"16":{"start":{"line":32,"column":8},"end":{"line":32,"column":45}},"17":{"start":{"line":33,"column":8},"end":{"line":33,"column":53}},"18":{"start":{"line":34,"column":8},"end":{"line":34,"column":50}},"19":{"start":{"line":35,"column":8},"end":{"line":35,"column":55}},"20":{"start":{"line":40,"column":22},"end":{"line":62,"column":3}},"21":{"start":{"line":41,"column":4},"end":{"line":41,"column":23}},"22":{"start":{"line":44,"column":17},"end":{"line":52,"column":5}},"23":{"start":{"line":53,"column":4},"end":{"line":53,"column":60}},"24":{"start":{"line":54,"column":4},"end":{"line":61,"column":9}},"25":{"start":{"line":55,"column":22},"end":{"line":55,"column":43}},"26":{"start":{"line":57,"column":8},"end":{"line":57,"column":50}},"27":{"start":{"line":58,"column":8},"end":{"line":58,"column":58}},"28":{"start":{"line":59,"column":8},"end":{"line":59,"column":51}},"29":{"start":{"line":60,"column":8},"end":{"line":60,"column":53}},"30":{"start":{"line":65,"column":10},"end":{"line":77,"column":3}},"31":{"start":{"line":66,"column":4},"end":{"line":76,"column":5}},"32":{"start":{"line":67,"column":6},"end":{"line":73,"column":8}},"33":{"start":{"line":72,"column":8},"end":{"line":72,"column":40}},"34":{"start":{"line":75,"column":6},"end":{"line":75,"column":17}},"35":{"start":{"line":80,"column":15},"end":{"line":97,"column":3}},"36":{"start":{"line":81,"column":4},"end":{"line":96,"column":5}},"37":{"start":{"line":82,"column":6},"end":{"line":93,"column":8}},"38":{"start":{"line":91,"column":8},"end":{"line":91,"column":57}},"39":{"start":{"line":92,"column":8},"end":{"line":92,"column":31}},"40":{"start":{"line":95,"column":6},"end":{"line":95,"column":17}}},"fnMap":{"0":{"name":"(anonymous_0)","decl":{"start":{"line":7,"column":2},"end":{"line":7,"column":3}},"loc":{"start":{"line":7,"column":80},"end":{"line":17,"column":3}},"line":7},"1":{"name":"(anonymous_1)","decl":{"start":{"line":18,"column":25},"end":{"line":18,"column":26}},"loc":{"start":{"line":18,"column":32},"end":{"line":38,"column":3}},"line":18},"2":{"name":"(anonymous_2)","decl":{"start":{"line":29,"column":8},"end":{"line":29,"column":9}},"loc":{"start":{"line":29,"column":17},"end":{"line":29,"column":38}},"line":29},"3":{"name":"(anonymous_3)","decl":{"start":{"line":31,"column":12},"end":{"line":31,"column":13}},"loc":{"start":{"line":31,"column":18},"end":{"line":36,"column":7}},"line":31},"4":{"name":"(anonymous_4)","decl":{"start":{"line":40,"column":22},"end":{"line":40,"column":23}},"loc":{"start":{"line":40,"column":27},"end":{"line":62,"column":3}},"line":40},"5":{"name":"(anonymous_5)","decl":{"start":{"line":55,"column":13},"end":{"line":55,"column":14}},"loc":{"start":{"line":55,"column":22},"end":{"line":55,"column":43}},"line":55},"6":{"name":"(anonymous_6)","decl":{"start":{"line":56,"column":12},"end":{"line":56,"column":13}},"loc":{"start":{"line":56,"column":18},"end":{"line":61,"column":7}},"line":56},"7":{"name":"(anonymous_7)","decl":{"start":{"line":65,"column":10},"end":{"line":65,"column":11}},"loc":{"start":{"line":65,"column":20},"end":{"line":77,"column":3}},"line":65},"8":{"name":"(anonymous_8)","decl":{"start":{"line":71,"column":15},"end":{"line":71,"column":16}},"loc":{"start":{"line":71,"column":26},"end":{"line":73,"column":7}},"line":71},"9":{"name":"(anonymous_9)","decl":{"start":{"line":80,"column":15},"end":{"line":80,"column":16}},"loc":{"start":{"line":80,"column":25},"end":{"line":97,"column":3}},"line":80},"10":{"name":"(anonymous_10)","decl":{"start":{"line":90,"column":12},"end":{"line":90,"column":13}},"loc":{"start":{"line":90,"column":18},"end":{"line":93,"column":7}},"line":90}},"branchMap":{"0":{"loc":{"start":{"line":66,"column":4},"end":{"line":76,"column":5}},"type":"if","locations":[{"start":{"line":66,"column":4},"end":{"line":76,"column":5}},{"start":{"line":74,"column":11},"end":{"line":76,"column":5}}],"line":66},"1":{"loc":{"start":{"line":81,"column":4},"end":{"line":96,"column":5}},"type":"if","locations":[{"start":{"line":81,"column":4},"end":{"line":96,"column":5}},{"start":{"line":94,"column":11},"end":{"line":96,"column":5}}],"line":81}},"s":{"0":4,"1":5,"2":5,"3":5,"4":5,"5":5,"6":5,"7":5,"8":5,"9":5,"10":5,"11":2,"12":2,"13":2,"14":2,"15":0,"16":2,"17":2,"18":2,"19":2,"20":5,"21":2,"22":2,"23":2,"24":2,"25":0,"26":2,"27":2,"28":2,"29":2,"30":5,"31":0,"32":0,"33":0,"34":0,"35":5,"36":0,"37":0,"38":0,"39":0,"40":0},"f":{"0":5,"1":2,"2":0,"3":2,"4":2,"5":0,"6":2,"7":0,"8":0,"9":0,"10":0},"b":{"0":[0,0],"1":[0,0]},"_coverageSchema":"1a1c01bbd47fc00a2c39e90264f33305004495a9","hash":"818a1c3ee7db4d5e826682a664a3a0efbdcdccbf"}
,"/Users/antoine/Dev/p9billed/front/src/containers/Logout.js": {"path":"/Users/antoine/Dev/p9billed/front/src/containers/Logout.js","statementMap":{"0":{"start":{"line":5,"column":4},"end":{"line":5,"column":28}},"1":{"start":{"line":6,"column":4},"end":{"line":6,"column":32}},"2":{"start":{"line":7,"column":4},"end":{"line":7,"column":36}},"3":{"start":{"line":8,"column":4},"end":{"line":8,"column":51}},"4":{"start":{"line":11,"column":16},"end":{"line":14,"column":3}},"5":{"start":{"line":12,"column":4},"end":{"line":12,"column":29}},"6":{"start":{"line":13,"column":4},"end":{"line":13,"column":41}}},"fnMap":{"0":{"name":"(anonymous_0)","decl":{"start":{"line":4,"column":2},"end":{"line":4,"column":3}},"loc":{"start":{"line":4,"column":54},"end":{"line":9,"column":3}},"line":4},"1":{"name":"(anonymous_1)","decl":{"start":{"line":11,"column":16},"end":{"line":11,"column":17}},"loc":{"start":{"line":11,"column":23},"end":{"line":14,"column":3}},"line":11}},"branchMap":{},"s":{"0":32,"1":32,"2":32,"3":32,"4":32,"5":2,"6":2},"f":{"0":32,"1":2},"b":{},"_coverageSchema":"1a1c01bbd47fc00a2c39e90264f33305004495a9","hash":"e71f6792618bc8e607ae36e71a8503b7d92ac2b0"}
,"/Users/antoine/Dev/p9billed/front/src/containers/NewBill.js": {"path":"/Users/antoine/Dev/p9billed/front/src/containers/NewBill.js","statementMap":{"0":{"start":{"line":6,"column":4},"end":{"line":6,"column":28}},"1":{"start":{"line":7,"column":4},"end":{"line":7,"column":32}},"2":{"start":{"line":8,"column":4},"end":{"line":8,"column":22}},"3":{"start":{"line":9,"column":24},"end":{"line":9,"column":88}},"4":{"start":{"line":10,"column":4},"end":{"line":10,"column":61}},"5":{"start":{"line":11,"column":17},"end":{"line":11,"column":73}},"6":{"start":{"line":12,"column":4},"end":{"line":12,"column":58}},"7":{"start":{"line":13,"column":4},"end":{"line":13,"column":23}},"8":{"start":{"line":14,"column":4},"end":{"line":14,"column":24}},"9":{"start":{"line":15,"column":4},"end":{"line":15,"column":22}},"10":{"start":{"line":16,"column":4},"end":{"line":16,"column":54}},"11":{"start":{"line":19,"column":21},"end":{"line":55,"column":3}},"12":{"start":{"line":20,"column":4},"end":{"line":20,"column":22}},"13":{"start":{"line":21,"column":17},"end":{"line":21,"column":82}},"14":{"start":{"line":22,"column":26},"end":{"line":22,"column":52}},"15":{"start":{"line":23,"column":22},"end":{"line":23,"column":68}},"16":{"start":{"line":24,"column":21},"end":{"line":24,"column":48}},"17":{"start":{"line":25,"column":21},"end":{"line":25,"column":48}},"18":{"start":{"line":26,"column":21},"end":{"line":26,"column":35}},"19":{"start":{"line":27,"column":18},"end":{"line":27,"column":64}},"20":{"start":{"line":29,"column":4},"end":{"line":54,"column":5}},"21":{"start":{"line":30,"column":6},"end":{"line":30,"column":56}},"22":{"start":{"line":31,"column":6},"end":{"line":31,"column":35}},"23":{"start":{"line":32,"column":6},"end":{"line":32,"column":37}},"24":{"start":{"line":34,"column":6},"end":{"line":47,"column":45}},"25":{"start":{"line":43,"column":8},"end":{"line":43,"column":28}},"26":{"start":{"line":44,"column":8},"end":{"line":44,"column":25}},"27":{"start":{"line":45,"column":8},"end":{"line":45,"column":30}},"28":{"start":{"line":46,"column":8},"end":{"line":46,"column":32}},"29":{"start":{"line":47,"column":24},"end":{"line":47,"column":44}},"30":{"start":{"line":50,"column":24},"end":{"line":50,"column":73}},"31":{"start":{"line":51,"column":6},"end":{"line":51,"column":27}},"32":{"start":{"line":52,"column":6},"end":{"line":52,"column":53}},"33":{"start":{"line":58,"column":17},"end":{"line":77,"column":3}},"34":{"start":{"line":59,"column":4},"end":{"line":59,"column":22}},"35":{"start":{"line":60,"column":4},"end":{"line":60,"column":147}},"36":{"start":{"line":61,"column":18},"end":{"line":61,"column":64}},"37":{"start":{"line":62,"column":17},"end":{"line":74,"column":5}},"38":{"start":{"line":75,"column":4},"end":{"line":75,"column":25}},"39":{"start":{"line":76,"column":4},"end":{"line":76,"column":41}},"40":{"start":{"line":80,"column":15},"end":{"line":90,"column":3}},"41":{"start":{"line":81,"column":4},"end":{"line":89,"column":5}},"42":{"start":{"line":82,"column":6},"end":{"line":88,"column":43}},"43":{"start":{"line":86,"column":8},"end":{"line":86,"column":45}},"44":{"start":{"line":88,"column":22},"end":{"line":88,"column":42}}},"fnMap":{"0":{"name":"(anonymous_0)","decl":{"start":{"line":5,"column":2},"end":{"line":5,"column":3}},"loc":{"start":{"line":5,"column":61},"end":{"line":17,"column":3}},"line":5},"1":{"name":"(anonymous_1)","decl":{"start":{"line":19,"column":21},"end":{"line":19,"column":22}},"loc":{"start":{"line":19,"column":26},"end":{"line":55,"column":3}},"line":19},"2":{"name":"(anonymous_2)","decl":{"start":{"line":42,"column":12},"end":{"line":42,"column":13}},"loc":{"start":{"line":42,"column":32},"end":{"line":47,"column":7}},"line":42},"3":{"name":"(anonymous_3)","decl":{"start":{"line":47,"column":15},"end":{"line":47,"column":16}},"loc":{"start":{"line":47,"column":24},"end":{"line":47,"column":44}},"line":47},"4":{"name":"(anonymous_4)","decl":{"start":{"line":58,"column":17},"end":{"line":58,"column":18}},"loc":{"start":{"line":58,"column":22},"end":{"line":77,"column":3}},"line":58},"5":{"name":"(anonymous_5)","decl":{"start":{"line":80,"column":15},"end":{"line":80,"column":16}},"loc":{"start":{"line":80,"column":25},"end":{"line":90,"column":3}},"line":80},"6":{"name":"(anonymous_6)","decl":{"start":{"line":85,"column":12},"end":{"line":85,"column":13}},"loc":{"start":{"line":85,"column":18},"end":{"line":87,"column":7}},"line":85},"7":{"name":"(anonymous_7)","decl":{"start":{"line":88,"column":13},"end":{"line":88,"column":14}},"loc":{"start":{"line":88,"column":22},"end":{"line":88,"column":42}},"line":88}},"branchMap":{"0":{"loc":{"start":{"line":29,"column":4},"end":{"line":54,"column":5}},"type":"if","locations":[{"start":{"line":29,"column":4},"end":{"line":54,"column":5}},{"start":{"line":49,"column":11},"end":{"line":54,"column":5}}],"line":29},"1":{"loc":{"start":{"line":69,"column":11},"end":{"line":69,"column":83}},"type":"binary-expr","locations":[{"start":{"line":69,"column":11},"end":{"line":69,"column":77}},{"start":{"line":69,"column":81},"end":{"line":69,"column":83}}],"line":69},"2":{"loc":{"start":{"line":81,"column":4},"end":{"line":89,"column":5}},"type":"if","locations":[{"start":{"line":81,"column":4},"end":{"line":89,"column":5}},{"start":{},"end":{}}],"line":81}},"s":{"0":3,"1":3,"2":3,"3":3,"4":3,"5":3,"6":3,"7":3,"8":3,"9":3,"10":3,"11":3,"12":4,"13":4,"14":4,"15":4,"16":4,"17":4,"18":4,"19":4,"20":4,"21":0,"22":0,"23":0,"24":0,"25":0,"26":0,"27":0,"28":0,"29":0,"30":4,"31":4,"32":4,"33":3,"34":0,"35":0,"36":0,"37":0,"38":0,"39":0,"40":3,"41":0,"42":0,"43":0,"44":0},"f":{"0":3,"1":4,"2":0,"3":0,"4":0,"5":0,"6":0,"7":0},"b":{"0":[0,4],"1":[0,0],"2":[0,0]},"_coverageSchema":"1a1c01bbd47fc00a2c39e90264f33305004495a9","hash":"50e457249c2fc9ca0c2e2d63c01c926c589da849"}
,"/Users/antoine/Dev/p9billed/front/src/views/Actions.js": {"path":"/Users/antoine/Dev/p9billed/front/src/views/Actions.js","statementMap":{"0":{"start":{"line":5,"column":2},"end":{"line":11,"column":3}}},"fnMap":{"0":{"name":"(anonymous_0)","decl":{"start":{"line":4,"column":15},"end":{"line":4,"column":16}},"loc":{"start":{"line":4,"column":28},"end":{"line":12,"column":1}},"line":4}},"branchMap":{},"s":{"0":34},"f":{"0":34},"b":{},"_coverageSchema":"1a1c01bbd47fc00a2c39e90264f33305004495a9","hash":"597a6d1ed69ce5aa77b40207ec33cf258a1ba643"}
,"/Users/antoine/Dev/p9billed/front/src/views/BillsUI.js": {"path":"/Users/antoine/Dev/p9billed/front/src/views/BillsUI.js","statementMap":{"0":{"start":{"line":7,"column":12},"end":{"line":20,"column":3}},"1":{"start":{"line":8,"column":2},"end":{"line":19,"column":6}},"2":{"start":{"line":22,"column":15},"end":{"line":29,"column":3}},"3":{"start":{"line":23,"column":4},"end":{"line":28,"column":11}},"4":{"start":{"line":25,"column":27},"end":{"line":25,"column":71}},"5":{"start":{"line":26,"column":25},"end":{"line":26,"column":34}},"6":{"start":{"line":33,"column":16},"end":{"line":48,"column":4}},"7":{"start":{"line":33,"column":23},"end":{"line":48,"column":3}},"8":{"start":{"line":50,"column":2},"end":{"line":54,"column":3}},"9":{"start":{"line":51,"column":4},"end":{"line":51,"column":24}},"10":{"start":{"line":52,"column":9},"end":{"line":54,"column":3}},"11":{"start":{"line":53,"column":4},"end":{"line":53,"column":27}},"12":{"start":{"line":56,"column":2},"end":{"line":84,"column":3}}},"fnMap":{"0":{"name":"(anonymous_0)","decl":{"start":{"line":7,"column":12},"end":{"line":7,"column":13}},"loc":{"start":{"line":7,"column":22},"end":{"line":20,"column":3}},"line":7},"1":{"name":"(anonymous_1)","decl":{"start":{"line":22,"column":15},"end":{"line":22,"column":16}},"loc":{"start":{"line":22,"column":25},"end":{"line":29,"column":3}},"line":22},"2":{"name":"(anonymous_2)","decl":{"start":{"line":25,"column":16},"end":{"line":25,"column":17}},"loc":{"start":{"line":25,"column":27},"end":{"line":25,"column":71}},"line":25},"3":{"name":"(anonymous_3)","decl":{"start":{"line":26,"column":15},"end":{"line":26,"column":16}},"loc":{"start":{"line":26,"column":25},"end":{"line":26,"column":34}},"line":26},"4":{"name":"(anonymous_4)","decl":{"start":{"line":31,"column":15},"end":{"line":31,"column":16}},"loc":{"start":{"line":31,"column":52},"end":{"line":85,"column":1}},"line":31},"5":{"name":"(anonymous_5)","decl":{"start":{"line":33,"column":16},"end":{"line":33,"column":17}},"loc":{"start":{"line":33,"column":23},"end":{"line":48,"column":3}},"line":33}},"branchMap":{"0":{"loc":{"start":{"line":23,"column":11},"end":{"line":28,"column":10}},"type":"cond-expr","locations":[{"start":{"line":24,"column":8},"end":{"line":27,"column":19}},{"start":{"line":28,"column":8},"end":{"line":28,"column":10}}],"line":23},"1":{"loc":{"start":{"line":23,"column":11},"end":{"line":23,"column":30}},"type":"binary-expr","locations":[{"start":{"line":23,"column":11},"end":{"line":23,"column":15}},{"start":{"line":23,"column":19},"end":{"line":23,"column":30}}],"line":23},"2":{"loc":{"start":{"line":25,"column":27},"end":{"line":25,"column":71}},"type":"cond-expr","locations":[{"start":{"line":25,"column":65},"end":{"line":25,"column":66}},{"start":{"line":25,"column":69},"end":{"line":25,"column":71}}],"line":25},"3":{"loc":{"start":{"line":50,"column":2},"end":{"line":54,"column":3}},"type":"if","locations":[{"start":{"line":50,"column":2},"end":{"line":54,"column":3}},{"start":{"line":52,"column":9},"end":{"line":54,"column":3}}],"line":50},"4":{"loc":{"start":{"line":52,"column":9},"end":{"line":54,"column":3}},"type":"if","locations":[{"start":{"line":52,"column":9},"end":{"line":54,"column":3}},{"start":{},"end":{}}],"line":52}},"s":{"0":6,"1":32,"2":6,"3":11,"4":27,"5":32,"6":22,"7":11,"8":22,"9":8,"10":14,"11":3,"12":11},"f":{"0":32,"1":11,"2":27,"3":32,"4":22,"5":11},"b":{"0":[8,3],"1":[11,9],"2":[9,18],"3":[8,14],"4":[3,11]},"_coverageSchema":"1a1c01bbd47fc00a2c39e90264f33305004495a9","hash":"1ebfb0b2f76fadd895d42d99c9995202449fc980"}
,"/Users/antoine/Dev/p9billed/front/src/views/DashboardFormUI.js": {"path":"/Users/antoine/Dev/p9billed/front/src/views/DashboardFormUI.js","statementMap":{"0":{"start":{"line":7,"column":21},"end":{"line":22,"column":4}},"1":{"start":{"line":7,"column":28},"end":{"line":22,"column":3}},"2":{"start":{"line":26,"column":2},"end":{"line":101,"column":4}}},"fnMap":{"0":{"name":"(anonymous_0)","decl":{"start":{"line":7,"column":21},"end":{"line":7,"column":22}},"loc":{"start":{"line":7,"column":28},"end":{"line":22,"column":3}},"line":7},"1":{"name":"(anonymous_1)","decl":{"start":{"line":24,"column":15},"end":{"line":24,"column":16}},"loc":{"start":{"line":24,"column":25},"end":{"line":102,"column":1}},"line":24}},"branchMap":{"0":{"loc":{"start":{"line":79,"column":9},"end":{"line":89,"column":9}},"type":"cond-expr","locations":[{"start":{"line":79,"column":38},"end":{"line":84,"column":8}},{"start":{"line":84,"column":13},"end":{"line":89,"column":8}}],"line":79},"1":{"loc":{"start":{"line":92,"column":8},"end":{"line":97,"column":13}},"type":"cond-expr","locations":[{"start":{"line":92,"column":37},"end":{"line":97,"column":7}},{"start":{"line":97,"column":11},"end":{"line":97,"column":13}}],"line":92}},"s":{"0":7,"1":9,"2":9},"f":{"0":9,"1":9},"b":{"0":[6,3],"1":[6,3]},"_coverageSchema":"1a1c01bbd47fc00a2c39e90264f33305004495a9","hash":"da7e60acf7a246ae1887ffb6691d26f910d46c96"}
,"/Users/antoine/Dev/p9billed/front/src/views/DashboardUI.js": {"path":"/Users/antoine/Dev/p9billed/front/src/views/DashboardUI.js","statementMap":{"0":{"start":{"line":10,"column":2},"end":{"line":14,"column":3}},"1":{"start":{"line":11,"column":4},"end":{"line":11,"column":24}},"2":{"start":{"line":12,"column":9},"end":{"line":14,"column":3}},"3":{"start":{"line":13,"column":4},"end":{"line":13,"column":27}},"4":{"start":{"line":16,"column":2},"end":{"line":48,"column":3}}},"fnMap":{"0":{"name":"(anonymous_0)","decl":{"start":{"line":8,"column":15},"end":{"line":8,"column":16}},"loc":{"start":{"line":8,"column":45},"end":{"line":49,"column":1}},"line":8}},"branchMap":{"0":{"loc":{"start":{"line":10,"column":2},"end":{"line":14,"column":3}},"type":"if","locations":[{"start":{"line":10,"column":2},"end":{"line":14,"column":3}},{"start":{"line":12,"column":9},"end":{"line":14,"column":3}}],"line":10},"1":{"loc":{"start":{"line":12,"column":9},"end":{"line":14,"column":3}},"type":"if","locations":[{"start":{"line":12,"column":9},"end":{"line":14,"column":3}},{"start":{},"end":{}}],"line":12},"2":{"loc":{"start":{"line":22,"column":45},"end":{"line":22,"column":63}},"type":"binary-expr","locations":[{"start":{"line":22,"column":45},"end":{"line":22,"column":49}},{"start":{"line":22,"column":53},"end":{"line":22,"column":63}}],"line":22},"3":{"loc":{"start":{"line":29,"column":43},"end":{"line":29,"column":61}},"type":"binary-expr","locations":[{"start":{"line":29,"column":43},"end":{"line":29,"column":47}},{"start":{"line":29,"column":51},"end":{"line":29,"column":61}}],"line":29},"4":{"loc":{"start":{"line":36,"column":43},"end":{"line":36,"column":61}},"type":"binary-expr","locations":[{"start":{"line":36,"column":43},"end":{"line":36,"column":47}},{"start":{"line":36,"column":51},"end":{"line":36,"column":61}}],"line":36}},"s":{"0":21,"1":6,"2":15,"3":3,"4":12},"f":{"0":21},"b":{"0":[6,15],"1":[3,12],"2":[12,7],"3":[12,7],"4":[12,7]},"_coverageSchema":"1a1c01bbd47fc00a2c39e90264f33305004495a9","hash":"3db4ec8ee4c79144255661679ab79921e09ce6c8"}
,"/Users/antoine/Dev/p9billed/front/src/views/ErrorPage.js": {"path":"/Users/antoine/Dev/p9billed/front/src/views/ErrorPage.js","statementMap":{"0":{"start":{"line":4,"column":2},"end":{"line":15,"column":3}}},"fnMap":{"0":{"name":"(anonymous_0)","decl":{"start":{"line":3,"column":15},"end":{"line":3,"column":16}},"loc":{"start":{"line":3,"column":26},"end":{"line":16,"column":1}},"line":3}},"branchMap":{"0":{"loc":{"start":{"line":12,"column":12},"end":{"line":12,"column":30}},"type":"cond-expr","locations":[{"start":{"line":12,"column":20},"end":{"line":12,"column":25}},{"start":{"line":12,"column":28},"end":{"line":12,"column":30}}],"line":12}},"s":{"0":8},"f":{"0":8},"b":{"0":[7,1]},"_coverageSchema":"1a1c01bbd47fc00a2c39e90264f33305004495a9","hash":"5fd5ae79139415a8466d49da98fb8a93471d70ef"}
,"/Users/antoine/Dev/p9billed/front/src/views/LoadingPage.js": {"path":"/Users/antoine/Dev/p9billed/front/src/views/LoadingPage.js","statementMap":{"0":{"start":{"line":5,"column":2},"end":{"line":12,"column":3}}},"fnMap":{"0":{"name":"(anonymous_0)","decl":{"start":{"line":3,"column":15},"end":{"line":3,"column":16}},"loc":{"start":{"line":3,"column":21},"end":{"line":13,"column":1}},"line":3}},"branchMap":{},"s":{"0":15},"f":{"0":15},"b":{},"_coverageSchema":"1a1c01bbd47fc00a2c39e90264f33305004495a9","hash":"3c002c9e8261a935f0544235699bfbdc43c23b8f"}
,"/Users/antoine/Dev/p9billed/front/src/views/LoginUI.js": {"path":"/Users/antoine/Dev/p9billed/front/src/views/LoginUI.js","statementMap":{"0":{"start":{"line":4,"column":2},"end":{"line":46,"column":4}}},"fnMap":{"0":{"name":"(anonymous_0)","decl":{"start":{"line":2,"column":15},"end":{"line":2,"column":16}},"loc":{"start":{"line":2,"column":21},"end":{"line":47,"column":1}},"line":2}},"branchMap":{},"s":{"0":18},"f":{"0":18},"b":{},"_coverageSchema":"1a1c01bbd47fc00a2c39e90264f33305004495a9","hash":"7b789652fa87ab50005a289aa5f58f2c1f0e877b"}
,"/Users/antoine/Dev/p9billed/front/src/views/NewBillUI.js": {"path":"/Users/antoine/Dev/p9billed/front/src/views/NewBillUI.js","statementMap":{"0":{"start":{"line":5,"column":2},"end":{"line":74,"column":4}}},"fnMap":{"0":{"name":"(anonymous_0)","decl":{"start":{"line":3,"column":15},"end":{"line":3,"column":16}},"loc":{"start":{"line":3,"column":21},"end":{"line":75,"column":1}},"line":3}},"branchMap":{},"s":{"0":8},"f":{"0":8},"b":{},"_coverageSchema":"1a1c01bbd47fc00a2c39e90264f33305004495a9","hash":"417fb50aa1d261fde4c426a81c1836a67020df57"}
,"/Users/antoine/Dev/p9billed/front/src/views/VerticalLayout.js": {"path":"/Users/antoine/Dev/p9billed/front/src/views/VerticalLayout.js","statementMap":{"0":{"start":{"line":7,"column":4},"end":{"line":7,"column":51}},"1":{"start":{"line":8,"column":4},"end":{"line":10,"column":5}},"2":{"start":{"line":9,"column":6},"end":{"line":9,"column":29}},"3":{"start":{"line":11,"column":4},"end":{"line":39,"column":5}},"4":{"start":{"line":12,"column":6},"end":{"line":27,"column":7}},"5":{"start":{"line":29,"column":6},"end":{"line":38,"column":7}}},"fnMap":{"0":{"name":"(anonymous_0)","decl":{"start":{"line":5,"column":15},"end":{"line":5,"column":16}},"loc":{"start":{"line":5,"column":27},"end":{"line":40,"column":1}},"line":5}},"branchMap":{"0":{"loc":{"start":{"line":8,"column":4},"end":{"line":10,"column":5}},"type":"if","locations":[{"start":{"line":8,"column":4},"end":{"line":10,"column":5}},{"start":{},"end":{}}],"line":8},"1":{"loc":{"start":{"line":11,"column":4},"end":{"line":39,"column":5}},"type":"if","locations":[{"start":{"line":11,"column":4},"end":{"line":39,"column":5}},{"start":{"line":28,"column":11},"end":{"line":39,"column":5}}],"line":11},"2":{"loc":{"start":{"line":11,"column":8},"end":{"line":11,"column":40}},"type":"binary-expr","locations":[{"start":{"line":11,"column":8},"end":{"line":11,"column":12}},{"start":{"line":11,"column":16},"end":{"line":11,"column":40}}],"line":11}},"s":{"0":55,"1":55,"2":43,"3":55,"4":27,"5":28},"f":{"0":55},"b":{"0":[43,12],"1":[27,28],"2":[55,43]},"_coverageSchema":"1a1c01bbd47fc00a2c39e90264f33305004495a9","hash":"db4bab947c39288984d7d91fa68b1532ec66a0e4"}
}
