TN:
SF:src/constants/routes.js
FN:13,(anonymous_0)
FNF:1
FNH:1
FNDA:44,(anonymous_0)
DA:6,6
DA:13,6
DA:14,44
DA:16,11
DA:18,16
DA:20,4
DA:22,12
DA:24,1
LF:8
LH:8
BRDA:14,0,0,11
BRDA:14,0,1,16
BRDA:14,0,2,4
BRDA:14,0,3,12
BRDA:14,0,4,1
BRF:5
BRH:5
end_of_record
TN:
SF:src/constants/usersTest.js
FNF:0
FNH:0
LF:0
LH:0
BRF:0
BRH:0
end_of_record
TN:
SF:src/containers/Bills.js
FN:6,(anonymous_0)
FN:13,(anonymous_1)
FN:14,(anonymous_2)
FN:19,(anonymous_3)
FN:23,(anonymous_4)
FN:30,(anonymous_5)
FN:35,(anonymous_6)
FN:38,(anonymous_7)
FNF:8
FNH:8
FNDA:14,(anonymous_0)
FNDA:28,(anonymous_1)
FNDA:1,(anonymous_2)
FNDA:2,(anonymous_3)
FNDA:2,(anonymous_4)
FNDA:7,(anonymous_5)
FNDA:5,(anonymous_6)
FNDA:20,(anonymous_7)
DA:7,14
DA:8,14
DA:9,14
DA:10,14
DA:11,14
DA:12,14
DA:13,14
DA:14,28
DA:16,14
DA:19,14
DA:20,2
DA:23,14
DA:24,2
DA:25,2
DA:26,2
DA:27,2
DA:30,14
DA:31,7
DA:32,7
DA:36,5
DA:37,5
DA:39,20
DA:40,20
DA:48,0
DA:49,0
DA:56,5
DA:57,5
LF:27
LH:25
BRDA:11,0,0,7
BRDA:11,0,1,7
BRDA:13,1,0,14
BRDA:13,1,1,0
BRDA:31,2,0,7
BRDA:31,2,1,0
BRF:6
BRH:4
end_of_record
TN:
SF:src/containers/Dashboard.js
FN:8,(anonymous_0)
FN:10,(anonymous_1)
FN:30,(anonymous_2)
FN:55,(anonymous_3)
FN:56,(anonymous_4)
FN:59,(anonymous_5)
FN:71,(anonymous_6)
FN:80,(anonymous_7)
FN:81,(anonymous_8)
FN:82,(anonymous_9)
FN:86,(anonymous_10)
FN:93,(anonymous_11)
FN:97,(anonymous_12)
FN:114,(anonymous_13)
FN:115,(anonymous_14)
FN:118,(anonymous_15)
FN:128,(anonymous_16)
FN:138,(anonymous_17)
FN:155,(anonymous_18)
FN:158,(anonymous_19)
FN:164,(anonymous_20)
FN:180,(anonymous_21)
FN:185,(anonymous_22)
FN:187,(anonymous_23)
FN:195,(anonymous_24)
FNF:25
FNH:19
FNDA:44,(anonymous_0)
FNDA:104,(anonymous_1)
FNDA:6,(anonymous_2)
FNDA:6,(anonymous_3)
FNDA:6,(anonymous_4)
FNDA:5,(anonymous_5)
FNDA:14,(anonymous_6)
FNDA:0,(anonymous_7)
FNDA:0,(anonymous_8)
FNDA:0,(anonymous_9)
FNDA:1,(anonymous_10)
FNDA:3,(anonymous_11)
FNDA:8,(anonymous_12)
FNDA:0,(anonymous_13)
FNDA:0,(anonymous_14)
FNDA:1,(anonymous_15)
FNDA:1,(anonymous_16)
FNDA:5,(anonymous_17)
FNDA:20,(anonymous_18)
FNDA:3,(anonymous_19)
FNDA:0,(anonymous_20)
FNDA:5,(anonymous_21)
FNDA:3,(anonymous_22)
FNDA:12,(anonymous_23)
FNDA:2,(anonymous_24)
DA:8,6
DA:9,44
DA:14,104
DA:15,104
DA:20,0
DA:21,0
DA:26,104
DA:30,6
DA:31,6
DA:32,6
DA:34,6
DA:37,6
DA:55,6
DA:56,6
DA:59,6
DA:60,5
DA:62,3
DA:64,1
DA:66,1
DA:72,14
DA:73,14
DA:74,14
DA:79,14
DA:80,14
DA:81,14
DA:82,14
DA:83,14
DA:86,14
DA:87,1
DA:88,1
DA:89,1
DA:90,1
DA:94,3
DA:95,3
DA:96,3
DA:97,2
DA:98,8
DA:100,2
DA:101,2
DA:102,2
DA:103,2
DA:105,1
DA:107,1
DA:110,1
DA:111,1
DA:113,3
DA:114,3
DA:115,3
DA:118,14
DA:119,1
DA:124,1
DA:125,1
DA:128,14
DA:129,1
DA:134,1
DA:135,1
DA:140,5
DA:143,5
DA:144,5
DA:145,5
DA:147,5
DA:149,0
DA:150,0
DA:152,0
DA:155,5
DA:158,20
DA:163,5
DA:164,0
DA:165,0
DA:167,0
DA:170,0
DA:171,0
DA:176,5
DA:180,14
DA:181,5
DA:182,5
DA:186,3
DA:187,12
DA:193,3
DA:196,2
LF:80
LH:70
BRDA:9,0,0,26
BRDA:9,0,1,18
BRDA:9,1,0,44
BRDA:9,1,1,26
BRDA:14,2,0,104
BRDA:14,2,1,0
BRDA:22,3,0,0
BRDA:22,3,1,0
BRDA:32,4,0,0
BRDA:32,4,1,6
BRDA:34,5,0,0
BRDA:34,5,1,6
BRDA:56,6,0,5
BRDA:56,6,1,1
BRDA:56,7,0,6
BRDA:56,7,1,6
BRDA:60,8,0,3
BRDA:60,8,1,1
BRDA:60,8,2,1
BRDA:90,9,0,0
BRDA:90,9,1,1
BRDA:94,10,0,2
BRDA:94,10,1,1
BRDA:94,11,0,3
BRDA:94,11,1,1
BRDA:95,12,0,2
BRDA:95,12,1,1
BRDA:95,13,0,3
BRDA:95,13,1,1
BRDA:96,14,0,2
BRDA:96,14,1,1
BRDA:140,15,0,5
BRDA:140,15,1,0
BRDA:140,16,0,5
BRDA:140,16,1,2
BRDA:143,17,0,5
BRDA:143,17,1,0
BRDA:163,18,0,0
BRDA:163,18,1,5
BRDA:163,19,0,5
BRDA:163,19,1,0
BRDA:163,19,2,0
BRDA:181,20,0,5
BRDA:181,20,1,0
BRF:44
BRH:32
end_of_record
TN:
SF:src/containers/Login.js
FN:7,(anonymous_0)
FN:18,(anonymous_1)
FN:29,(anonymous_2)
FN:31,(anonymous_3)
FN:40,(anonymous_4)
FN:55,(anonymous_5)
FN:56,(anonymous_6)
FN:65,(anonymous_7)
FN:71,(anonymous_8)
FN:80,(anonymous_9)
FN:90,(anonymous_10)
FNF:11
FNH:5
FNDA:5,(anonymous_0)
FNDA:2,(anonymous_1)
FNDA:0,(anonymous_2)
FNDA:2,(anonymous_3)
FNDA:2,(anonymous_4)
FNDA:0,(anonymous_5)
FNDA:2,(anonymous_6)
FNDA:0,(anonymous_7)
FNDA:0,(anonymous_8)
FNDA:0,(anonymous_9)
FNDA:0,(anonymous_10)
DA:3,4
DA:8,5
DA:9,5
DA:10,5
DA:11,5
DA:12,5
DA:13,5
DA:14,5
DA:15,5
DA:16,5
DA:18,5
DA:19,2
DA:20,2
DA:26,2
DA:27,2
DA:29,0
DA:32,2
DA:33,2
DA:34,2
DA:35,2
DA:40,5
DA:41,2
DA:44,2
DA:53,2
DA:54,2
DA:55,0
DA:57,2
DA:58,2
DA:59,2
DA:60,2
DA:65,5
DA:66,0
DA:67,0
DA:72,0
DA:75,0
DA:80,5
DA:81,0
DA:82,0
DA:91,0
DA:92,0
DA:95,0
LF:41
LH:30
BRDA:66,0,0,0
BRDA:66,0,1,0
BRDA:81,1,0,0
BRDA:81,1,1,0
BRF:4
BRH:0
end_of_record
TN:
SF:src/containers/Logout.js
FN:4,(anonymous_0)
FN:11,(anonymous_1)
FNF:2
FNH:2
FNDA:33,(anonymous_0)
FNDA:2,(anonymous_1)
DA:5,33
DA:6,33
DA:7,33
DA:8,33
DA:11,33
DA:12,2
DA:13,2
LF:7
LH:7
BRF:0
BRH:0
end_of_record
TN:
SF:src/containers/NewBill.js
FN:5,(anonymous_0)
FN:19,(anonymous_1)
FN:42,(anonymous_2)
FN:47,(anonymous_3)
FN:58,(anonymous_4)
FN:80,(anonymous_5)
FN:85,(anonymous_6)
FN:88,(anonymous_7)
FNF:8
FNH:6
FNDA:4,(anonymous_0)
FNDA:5,(anonymous_1)
FNDA:1,(anonymous_2)
FNDA:0,(anonymous_3)
FNDA:2,(anonymous_4)
FNDA:2,(anonymous_5)
FNDA:2,(anonymous_6)
FNDA:0,(anonymous_7)
DA:6,4
DA:7,4
DA:8,4
DA:9,4
DA:10,4
DA:11,4
DA:12,4
DA:13,4
DA:14,4
DA:15,4
DA:16,4
DA:19,4
DA:20,5
DA:21,5
DA:22,5
DA:23,5
DA:24,5
DA:25,5
DA:26,5
DA:27,5
DA:29,5
DA:30,1
DA:31,1
DA:32,1
DA:34,1
DA:43,1
DA:44,1
DA:45,1
DA:46,1
DA:47,0
DA:50,4
DA:51,4
DA:52,4
DA:58,4
DA:59,2
DA:60,2
DA:61,2
DA:62,2
DA:75,2
DA:76,2
DA:80,4
DA:81,2
DA:82,2
DA:86,2
DA:88,0
LF:45
LH:43
BRDA:29,0,0,1
BRDA:29,0,1,4
BRDA:69,1,0,2
BRDA:69,1,1,0
BRDA:81,2,0,2
BRDA:81,2,1,0
BRF:6
BRH:4
end_of_record
TN:
SF:src/views/Actions.js
FN:4,(anonymous_0)
FNF:1
FNH:1
FNDA:34,(anonymous_0)
DA:5,34
LF:1
LH:1
BRF:0
BRH:0
end_of_record
TN:
SF:src/views/BillsUI.js
FN:7,(anonymous_0)
FN:22,(anonymous_1)
FN:25,(anonymous_2)
FN:26,(anonymous_3)
FN:31,(anonymous_4)
FN:33,(anonymous_5)
FNF:6
FNH:6
FNDA:32,(anonymous_0)
FNDA:15,(anonymous_1)
FNDA:27,(anonymous_2)
FNDA:32,(anonymous_3)
FNDA:28,(anonymous_4)
FNDA:15,(anonymous_5)
DA:7,6
DA:8,32
DA:22,6
DA:23,15
DA:25,27
DA:26,32
DA:33,28
DA:50,28
DA:51,8
DA:52,20
DA:53,5
DA:56,15
LF:12
LH:12
BRDA:23,0,0,8
BRDA:23,0,1,7
BRDA:23,1,0,15
BRDA:23,1,1,9
BRDA:25,2,0,9
BRDA:25,2,1,18
BRDA:50,3,0,8
BRDA:50,3,1,20
BRDA:52,4,0,5
BRDA:52,4,1,15
BRF:10
BRH:10
end_of_record
TN:
SF:src/views/DashboardFormUI.js
FN:7,(anonymous_0)
FN:24,(anonymous_1)
FNF:2
FNH:2
FNDA:9,(anonymous_0)
FNDA:9,(anonymous_1)
DA:7,9
DA:26,9
LF:2
LH:2
BRDA:79,0,0,6
BRDA:79,0,1,3
BRDA:92,1,0,6
BRDA:92,1,1,3
BRF:4
BRH:4
end_of_record
TN:
SF:src/views/DashboardUI.js
FN:8,(anonymous_0)
FNF:1
FNH:1
FNDA:21,(anonymous_0)
DA:10,21
DA:11,6
DA:12,15
DA:13,3
DA:16,12
LF:5
LH:5
BRDA:10,0,0,6
BRDA:10,0,1,15
BRDA:12,1,0,3
BRDA:12,1,1,12
BRDA:22,2,0,12
BRDA:22,2,1,7
BRDA:29,3,0,12
BRDA:29,3,1,7
BRDA:36,4,0,12
BRDA:36,4,1,7
BRF:10
BRH:10
end_of_record
TN:
SF:src/views/ErrorPage.js
FN:3,(anonymous_0)
FNF:1
FNH:1
FNDA:10,(anonymous_0)
DA:4,10
LF:1
LH:1
BRDA:12,0,0,9
BRDA:12,0,1,1
BRF:2
BRH:2
end_of_record
TN:
SF:src/views/LoadingPage.js
FN:3,(anonymous_0)
FNF:1
FNH:1
FNDA:15,(anonymous_0)
DA:5,15
LF:1
LH:1
BRF:0
BRH:0
end_of_record
TN:
SF:src/views/LoginUI.js
FN:2,(anonymous_0)
FNF:1
FNH:1
FNDA:18,(anonymous_0)
DA:4,18
LF:1
LH:1
BRF:0
BRH:0
end_of_record
TN:
SF:src/views/NewBillUI.js
FN:3,(anonymous_0)
FNF:1
FNH:1
FNDA:11,(anonymous_0)
DA:5,11
LF:1
LH:1
BRF:0
BRH:0
end_of_record
TN:
SF:src/views/VerticalLayout.js
FN:5,(anonymous_0)
FNF:1
FNH:1
FNDA:64,(anonymous_0)
DA:7,64
DA:8,64
DA:9,52
DA:11,64
DA:12,36
DA:29,28
LF:6
LH:6
BRDA:8,0,0,52
BRDA:8,0,1,12
BRDA:11,1,0,36
BRDA:11,1,1,28
BRDA:11,2,0,64
BRDA:11,2,1,52
BRF:6
BRH:6
end_of_record
